#
# There is insufficient memory for the Java Runtime Environment to continue.
# Native memory allocation (mmap) failed to map 130023424 bytes for G1 virtual space
# Possible reasons:
#   The system is out of physical RAM or swap space
#   The process is running with CompressedOops enabled, and the Java Heap may be blocking the growth of the native heap
# Possible solutions:
#   Reduce memory load on the system
#   Increase physical memory or swap space
#   Check if swap backing store is full
#   Decrease Java heap size (-Xmx/-Xms)
#   Decrease number of Java threads
#   Decrease Java thread stack sizes (-Xss)
#   Set larger code cache with -XX:ReservedCodeCacheSize=
#   JVM is running with Unscaled Compressed Oops mode in which the Java heap is
#     placed in the first 4GB address space. The Java Heap base address is the
#     maximum limit for the native heap growth. Please use -XX:HeapBaseMinAddress
#     to set the Java Heap base and to place the Java Heap above 4GB virtual address.
# This output file may be truncated or incomplete.
#
#  Out of Memory Error (./open/src/hotspot/os/windows/os_windows.cpp:3321), pid=25040, tid=22612
#
# JRE version:  (15.0.2+7) (build )
# Java VM: Java HotSpot(TM) 64-Bit Server VM (15.0.2+7-27, mixed mode, sharing, tiered, compressed oops, g1 gc, windows-amd64)
# No core dump will be written. Minidumps are not enabled by default on client versions of Windows
#

---------------  S U M M A R Y ------------

Command Line: -Dfile.encoding=UTF-8 --module-path=C:\Users\Ankit Khunt\Documents\NetBeansProjects\Library.Management.System\build\classes library.management.system.IssueBook

Host: Intel(R) Core(TM) i7-8550U CPU @ 1.80GHz, 8 cores, 7G,  Windows 10 , 64 bit Build 19041 (10.0.19041.804)
Time: Sat Apr  3 23:25:59 2021 India Standard Time elapsed time: 0.035422 seconds (0d 0h 0m 0s)

---------------  T H R E A D  ---------------

Current thread (0x00000255294e05f0):  JavaThread "Unknown thread" [_thread_in_vm, id=22612, stack(0x000000f9c4b00000,0x000000f9c4c00000)]

Stack: [0x000000f9c4b00000,0x000000f9c4c00000]
Native frames: (J=compiled Java code, j=interpreted, Vv=VM code, C=native code)
V  [jvm.dll+0x62ae9a]
V  [jvm.dll+0x7817a9]
V  [jvm.dll+0x782f03]
V  [jvm.dll+0x783563]
V  [jvm.dll+0x216325]
V  [jvm.dll+0x6281d9]
V  [jvm.dll+0x61cf55]
V  [jvm.dll+0x2cffdd]
V  [jvm.dll+0x2cfe42]
V  [jvm.dll+0x2d5e1c]
V  [jvm.dll+0x32590a]
V  [jvm.dll+0x324fd4]
V  [jvm.dll+0x2a6f5a]
V  [jvm.dll+0x2a80f8]
V  [jvm.dll+0x75e241]
V  [jvm.dll+0x3341c4]
V  [jvm.dll+0x73e926]
V  [jvm.dll+0x3b7557]
V  [jvm.dll+0x3b8fe1]
C  [jli.dll+0x52fb]
C  [ucrtbase.dll+0x21bb2]
C  [KERNEL32.DLL+0x17034]
C  [ntdll.dll+0x52651]


---------------  P R O C E S S  ---------------

Threads class SMR info:
_java_thread_list=0x00007ffd46524ff0, length=0, elements={
}

Java Threads: ( => current thread )

Other Threads:
  0x0000025529520840 GCTaskThread "GC Thread#0" [stack: 0x000000f9c4c00000,0x000000f9c4d00000] [id=25328]
  0x0000025529531fe0 ConcurrentGCThread "G1 Main Marker" [stack: 0x000000f9c4d00000,0x000000f9c4e00000] [id=25012]
  0x0000025529533270 ConcurrentGCThread "G1 Conc#0" [stack: 0x000000f9c4e00000,0x000000f9c4f00000] [id=26848]

[error occurred during error reporting (printing all threads), id 0xc0000005, EXCEPTION_ACCESS_VIOLATION (0xc0000005) at pc=0x00007ffd45d17e27]

VM state: not at safepoint (not fully initialized)

VM Mutex/Monitor currently owned by a thread:  ([mutex/lock_event])
[0x00000255294dc370] Heap_lock - owner thread: 0x00000255294e05f0

Heap address: 0x0000000084e00000, size: 1970 MB, Compressed Oops mode: 32-bit
CDS archive(s) mapped at: [0x0000000000000000-0x0000000000000000-0x0000000000000000), size 0, SharedBaseAddress: 0x0000000800000000, ArchiveRelocationMode: 0.
Narrow klass base: 0x0000000000000000, Narrow klass shift: 0, Narrow klass range: 0x0

Heap:
 garbage-first heap   total 126976K, used 0K [0x0000000084e00000, 0x0000000100000000)
  region size 1024K, 0 young (0K), 0 survivors (0K)
 Metaspace       used 0K, capacity 0K, committed 0K, reserved 0K
  class space    used 0K, capacity 0K, committed 0K, reserved 0K

Heap Regions: E=young(eden), S=young(survivor), O=old, HS=humongous(starts), HC=humongous(continues), CS=collection set, F=free, OA=open archive, CA=closed archive, TAMS=top-at-mark-start (previous, next)

Card table byte_map: [0x0000025540e30000,0x0000025541210000] _byte_map_base: 0x0000025540a09000

Marking Bits (Prev, Next): (CMBitMap*) 0x0000025529520fb0, (CMBitMap*) 0x0000025529520ff0
 Prev Bits: [0x00000255415f0000, 0x00000255434b8000)
 Next Bits: [0x00000255434c0000, 0x0000025545388000)

GC Heap History (0 events):
No events

Deoptimization events (0 events):
No events

Classes unloaded (0 events):
No events

Classes redefined (0 events):
No events

Internal exceptions (0 events):
No events

Events (1 events):
Event: 0.021 Loaded shared library C:\Program Files\Java\jdk-15.0.2\bin\java.dll


Dynamic libraries:
0x00007ff73d650000 - 0x00007ff73d65f000 	C:\Program Files\Java\jdk-15.0.2\bin\java.exe
0x00007ffd83ef0000 - 0x00007ffd840e5000 	C:\Windows\SYSTEM32\ntdll.dll
0x00007ffd82910000 - 0x00007ffd829cd000 	C:\Windows\System32\KERNEL32.DLL
0x00007ffd81ad0000 - 0x00007ffd81d99000 	C:\Windows\System32\KERNELBASE.dll
0x00007ffd81e20000 - 0x00007ffd81f20000 	C:\Windows\System32\ucrtbase.dll
0x00007ffd6dd20000 - 0x00007ffd6dd38000 	C:\Program Files\Java\jdk-15.0.2\bin\jli.dll
0x00007ffd7cb60000 - 0x00007ffd7cb79000 	C:\Program Files\Java\jdk-15.0.2\bin\VCRUNTIME140.dll
0x00007ffd822a0000 - 0x00007ffd8234c000 	C:\Windows\System32\ADVAPI32.dll
0x00007ffd83170000 - 0x00007ffd8320e000 	C:\Windows\System32\msvcrt.dll
0x00007ffd83220000 - 0x00007ffd832bc000 	C:\Windows\System32\sechost.dll
0x00007ffd81f50000 - 0x00007ffd8207b000 	C:\Windows\System32\RPCRT4.dll
0x00007ffd83400000 - 0x00007ffd835a0000 	C:\Windows\System32\USER32.dll
0x00007ffd81630000 - 0x00007ffd81652000 	C:\Windows\System32\win32u.dll
0x00007ffd6c500000 - 0x00007ffd6c79a000 	C:\Windows\WinSxS\amd64_microsoft.windows.common-controls_6595b64144ccf1df_6.0.19041.844_none_ca00b6081b84eb1d\COMCTL32.dll
0x00007ffd82f10000 - 0x00007ffd82f3a000 	C:\Windows\System32\GDI32.dll
0x00007ffd819c0000 - 0x00007ffd81acb000 	C:\Windows\System32\gdi32full.dll
0x00007ffd81920000 - 0x00007ffd819bd000 	C:\Windows\System32\msvcp_win.dll
0x00007ffd7a660000 - 0x00007ffd7a66a000 	C:\Windows\SYSTEM32\VERSION.dll
0x00007ffd832c0000 - 0x00007ffd832f0000 	C:\Windows\System32\IMM32.DLL
0x00007ffd7cb50000 - 0x00007ffd7cb5c000 	C:\Program Files\Java\jdk-15.0.2\bin\vcruntime140_1.dll
0x00007ffd58380000 - 0x00007ffd58411000 	C:\Program Files\Java\jdk-15.0.2\bin\msvcp140.dll
0x00007ffd45a60000 - 0x00007ffd465be000 	C:\Program Files\Java\jdk-15.0.2\bin\server\jvm.dll
0x00007ffd83160000 - 0x00007ffd83168000 	C:\Windows\System32\PSAPI.DLL
0x00007ffd72a90000 - 0x00007ffd72ab7000 	C:\Windows\SYSTEM32\WINMM.dll
0x00007ffd6b9e0000 - 0x00007ffd6b9e9000 	C:\Windows\SYSTEM32\WSOCK32.dll
0x00007ffd830f0000 - 0x00007ffd8315b000 	C:\Windows\System32\WS2_32.dll
0x00007ffd7ff10000 - 0x00007ffd7ff22000 	C:\Windows\SYSTEM32\kernel.appcore.dll
0x00007ffd7b460000 - 0x00007ffd7b46a000 	C:\Program Files\Java\jdk-15.0.2\bin\jimage.dll
0x00007ffd7f480000 - 0x00007ffd7f664000 	C:\Windows\SYSTEM32\DBGHELP.DLL
0x00007ffd67e50000 - 0x00007ffd67e7c000 	C:\Windows\SYSTEM32\dbgcore.DLL
0x00007ffd81da0000 - 0x00007ffd81e20000 	C:\Windows\System32\bcryptPrimitives.dll
0x00007ffd6e1b0000 - 0x00007ffd6e1d5000 	C:\Program Files\Java\jdk-15.0.2\bin\java.dll

dbghelp: loaded successfully - version: 4.0.5 - missing functions: none
symbol engine: initialized successfully - sym options: 0x614 - pdb path: .;C:\Program Files\Java\jdk-15.0.2\bin;C:\Windows\SYSTEM32;C:\Windows\WinSxS\amd64_microsoft.windows.common-controls_6595b64144ccf1df_6.0.19041.844_none_ca00b6081b84eb1d;C:\Program Files\Java\jdk-15.0.2\bin\server

VM Arguments:
jvm_args: -Dfile.encoding=UTF-8 --module-path=C:\Users\Ankit Khunt\Documents\NetBeansProjects\Library.Management.System\build\classes 
java_command: library.management.system.IssueBook
java_class_path (initial): C:\Users\Ankit Khunt\Documents\NetBeansProjects\Library.Management.System\src\library\management\system\Jar\rs2xml.jar;C:\Users\Ankit Khunt\Documents\NetBeansProjects\Library.Management.System\src\library\management\system\Jar\jcalendar-tz-1.3.3-4.jar;C:\Users\Ankit Khunt\Desktop\mysql-connector-java-8.0.23.jar;C:\Users\Ankit Khunt\Documents\NetBeansProjects\Library.Management.System\build\classes
Launcher Type: SUN_STANDARD

[Global flags]
     intx CICompilerCount                          = 4                                         {product} {ergonomic}
     uint ConcGCThreads                            = 2                                         {product} {ergonomic}
     uint G1ConcRefinementThreads                  = 8                                         {product} {ergonomic}
   size_t G1HeapRegionSize                         = 1048576                                   {product} {ergonomic}
    uintx GCDrainStackTargetSize                   = 64                                        {product} {ergonomic}
   size_t InitialHeapSize                          = 130023424                                 {product} {ergonomic}
   size_t MarkStackSize                            = 4194304                                   {product} {ergonomic}
   size_t MaxHeapSize                              = 2065694720                                {product} {ergonomic}
   size_t MinHeapDeltaBytes                        = 1048576                                   {product} {ergonomic}
   size_t MinHeapSize                              = 8388608                                   {product} {ergonomic}
    uintx NonNMethodCodeHeapSize                   = 5839372                                {pd product} {ergonomic}
    uintx NonProfiledCodeHeapSize                  = 122909434                              {pd product} {ergonomic}
    uintx ProfiledCodeHeapSize                     = 122909434                              {pd product} {ergonomic}
    uintx ReservedCodeCacheSize                    = 251658240                              {pd product} {ergonomic}
     bool SegmentedCodeCache                       = true                                      {product} {ergonomic}
   size_t SoftMaxHeapSize                          = 2065694720                             {manageable} {ergonomic}
     bool UseCompressedClassPointers               = true                                 {lp64_product} {ergonomic}
     bool UseCompressedOops                        = true                                 {lp64_product} {ergonomic}
     bool UseG1GC                                  = true                                      {product} {ergonomic}
     bool UseLargePagesIndividualAllocation        = false                                  {pd product} {ergonomic}

Logging:
Log output configuration:
 #0: stdout all=warning uptime,level,tags
 #1: stderr all=off uptime,level,tags

Environment Variables:
JAVA_HOME=C:\Program Files\Java\jdk-15.0.2
CLASSPATH=C:\Program Files\Java\jdk-15.0.2\mysql-connector-java-5.1.12-bin.jar
PATH=C:\Program Files\Common Files\Oracle\Java\javapath;C:\Windows\system32;C:\Windows;C:\Windows\System32\Wbem;C:\Windows\System32\WindowsPowerShell\v1.0\;C:\Windows\System32\OpenSSH\;C:\MinGW\bin;C:\Program Files\nodejs\;C:\Program Files\Java\jdk-15.0.2\bin;C:\Users\Ankit Khunt\AppData\Local\Microsoft\WindowsApps;;C:\vs studio\Microsoft VS Code\bin;C:\Users\Ankit Khunt\AppData\Roaming\npm
USERNAME=Ankit Khunt
OS=Windows_NT
PROCESSOR_IDENTIFIER=Intel64 Family 6 Model 142 Stepping 10, GenuineIntel



---------------  S Y S T E M  ---------------

OS:
 Windows 10 , 64 bit Build 19041 (10.0.19041.804)
OS uptime: 0 days 11:15 hours

CPU: total 8 (initial active 8) (4 cores per cpu, 2 threads per core) family 6 model 142 stepping 10 microcode 0xca, cmov, cx8, fxsr, mmx, sse, sse2, sse3, ssse3, sse4.1, sse4.2, popcnt, vzeroupper, avx, avx2, aes, clmul, erms, 3dnowpref, lzcnt, ht, tsc, tscinvbit, bmi1, bmi2, adx, fma, clflush, clflushopt

Memory: 4k page, system-wide physical 7872M (1142M free)
TotalPageFile size 32448M (AvailPageFile size 92M)
current process WorkingSet (physical memory assigned to process): 10M, peak: 10M
current process commit charge ("private bytes"): 60M, peak: 184M

vm_info: Java HotSpot(TM) 64-Bit Server VM (15.0.2+7-27) for windows-amd64 JRE (15.0.2+7-27), built on Dec  7 2020 20:07:01 by "mach5one" with unknown MS VC++:1925

END.
